Using pre-set license
Built from '2022.3/release' branch; Version is '2022.3.0f1 (fb119bb0b476) revision 16454043'; Using compiler version '192829333'; Build Type 'Release'
OS: 'Windows 10  (10.0.19045) 64bit Professional' Language: 'zh' Physical Memory: 65349 MB
BatchMode: 1, IsHumanControllingUs: 0, StartBugReporterOnCrash: 0, Is64bit: 1, IsPro: 1

COMMAND LINE ARGUMENTS:
C:\Program Files\Unity\Hub\Editor\2022.3.0f1\Editor\Unity.exe
-adb2
-batchMode
-noUpm
-name
AssetImportWorker0
-projectPath
D:/OriginCode/Shader
-logFile
Logs/AssetImportWorker0.log
-srvPort
58789
Successfully changed project path to: D:/OriginCode/Shader
D:/OriginCode/Shader
[UnityMemory] Configuration Parameters - Can be set up in boot.config
    "memorysetup-bucket-allocator-granularity=16"
    "memorysetup-bucket-allocator-bucket-count=8"
    "memorysetup-bucket-allocator-block-size=33554432"
    "memorysetup-bucket-allocator-block-count=8"
    "memorysetup-main-allocator-block-size=16777216"
    "memorysetup-thread-allocator-block-size=16777216"
    "memorysetup-gfx-main-allocator-block-size=16777216"
    "memorysetup-gfx-thread-allocator-block-size=16777216"
    "memorysetup-cache-allocator-block-size=4194304"
    "memorysetup-typetree-allocator-block-size=2097152"
    "memorysetup-profiler-bucket-allocator-granularity=16"
    "memorysetup-profiler-bucket-allocator-bucket-count=8"
    "memorysetup-profiler-bucket-allocator-block-size=33554432"
    "memorysetup-profiler-bucket-allocator-block-count=8"
    "memorysetup-profiler-allocator-block-size=16777216"
    "memorysetup-profiler-editor-allocator-block-size=1048576"
    "memorysetup-temp-allocator-size-main=16777216"
    "memorysetup-job-temp-allocator-block-size=2097152"
    "memorysetup-job-temp-allocator-block-size-background=1048576"
    "memorysetup-job-temp-allocator-reduction-small-platforms=262144"
    "memorysetup-allocator-temp-initial-block-size-main=262144"
    "memorysetup-allocator-temp-initial-block-size-worker=262144"
    "memorysetup-temp-allocator-size-background-worker=32768"
    "memorysetup-temp-allocator-size-job-worker=262144"
    "memorysetup-temp-allocator-size-preload-manager=33554432"
    "memorysetup-temp-allocator-size-nav-mesh-worker=65536"
    "memorysetup-temp-allocator-size-audio-worker=65536"
    "memorysetup-temp-allocator-size-cloud-worker=32768"
    "memorysetup-temp-allocator-size-gi-baking-worker=262144"
    "memorysetup-temp-allocator-size-gfx=262144"
Player connection [22212] Host "[IP] 192.168.11.194 [Port] 0 [Flags] 2 [Guid] 556191661 [EditorId] 556191661 [Version] 1048832 [Id] WindowsEditor(7,peropero) [Debug] 1 [PackageName] WindowsEditor [ProjectName] Editor" joined multi-casting on [225.0.0.222:54997]...

Player connection [22212] Host "[IP] 192.168.11.194 [Port] 0 [Flags] 2 [Guid] 556191661 [EditorId] 556191661 [Version] 1048832 [Id] WindowsEditor(7,peropero) [Debug] 1 [PackageName] WindowsEditor [ProjectName] Editor" joined alternative multi-casting on [225.0.0.222:34997]...

Refreshing native plugins compatible for Editor in 4.18 ms, found 3 plugins.
Preloading 0 native plugins for Editor in 0.00 ms.
Initialize engine version: 2022.3.0f1 (fb119bb0b476)
[Subsystems] Discovering subsystems at path C:/Program Files/Unity/Hub/Editor/2022.3.0f1/Editor/Data/Resources/UnitySubsystems
[Subsystems] Discovering subsystems at path D:/OriginCode/Shader/Assets
GfxDevice: creating device client; threaded=0; jobified=0
Direct3D:
    Version:  Direct3D 11.0 [level 11.1]
    Renderer: NVIDIA GeForce RTX 3050 (ID=0x2582)
    Vendor:   NVIDIA
    VRAM:     8042 MB
    Driver:   32.0.15.6094
Initialize mono
Mono path[0] = 'C:/Program Files/Unity/Hub/Editor/2022.3.0f1/Editor/Data/Managed'
Mono path[1] = 'C:/Program Files/Unity/Hub/Editor/2022.3.0f1/Editor/Data/MonoBleedingEdge/lib/mono/unityjit-win32'
Mono config path = 'C:/Program Files/Unity/Hub/Editor/2022.3.0f1/Editor/Data/MonoBleedingEdge/etc'
Using monoOptions --debugger-agent=transport=dt_socket,embedding=1,server=y,suspend=n,address=127.0.0.1:56460
Begin MonoManager ReloadAssembly
Registering precompiled unity dll's ...
Register platform support module: C:/Program Files/Unity/Hub/Editor/2022.3.0f1/Editor/Data/PlaybackEngines/AndroidPlayer/UnityEditor.Android.Extensions.dll
Register platform support module: C:/Program Files/Unity/Hub/Editor/2022.3.0f1/Editor/Data/PlaybackEngines/iOSSupport/UnityEditor.iOS.Extensions.dll
Register platform support module: C:/Program Files/Unity/Hub/Editor/2022.3.0f1/Editor/Data/PlaybackEngines/WindowsStandaloneSupport/UnityEditor.WindowsStandalone.Extensions.dll
Registered in 0.015783 seconds.
- Loaded All Assemblies, in  0.315 seconds
Native extension for WindowsStandalone target not found
[usbmuxd] Start listen thread
[usbmuxd] Listen thread started
Native extension for iOS target not found
Native extension for Android target not found
Multiple ADB server instances found, the following ADB server instance have been terminated due to being run from another SDK. Process paths: 
C:\Program Files\Unity\Hub\Editor\2021.3.40f1\Editor\Data\PlaybackEngines\AndroidPlayer\SDK\platform-tools\adb.exe
Reconnecting Device: 
ebb2d672              
UnityEngine.StackTraceUtility:ExtractStackTrace ()
UnityEngine.DebugLogHandler:LogFormat (UnityEngine.LogType,UnityEngine.Object,string,object[])
UnityEngine.Logger:Log (UnityEngine.LogType,object)
UnityEngine.Debug:Log (object)
UnityEditor.Android.AndroidDeploymentTargetsExtension:GetKnownTargets (UnityEditor.DeploymentTargets.IDeploymentTargetsMainThreadContext,UnityEditor.ProgressHandler)
UnityEditor.Android.TargetScanWorker:ScanSync ()
UnityEditor.Android.TargetExtension:OnUsbDevicesChanged (UnityEditor.Hardware.UsbDevice[])
UnityEditor.Android.TargetExtension:OnLoad ()
UnityEditor.Modules.ModuleManager:InitializePlatformSupportModules ()

Android Extension - Scanning For ADB Devices 5892 ms
Mono: successfully reloaded assembly
- Finished resetting the current domain, in  6.147 seconds
Domain Reload Profiling: 6458ms
	BeginReloadAssembly (92ms)
		ExecutionOrderSort (0ms)
		DisableScriptedObjects (0ms)
		BackupInstance (0ms)
		ReleaseScriptingObjects (0ms)
		CreateAndSetChildDomain (1ms)
	RebuildCommonClasses (27ms)
	RebuildNativeTypeToScriptingClass (7ms)
	initialDomainReloadingComplete (63ms)
	LoadAllAssembliesAndSetupDomain (121ms)
		LoadAssemblies (90ms)
		RebuildTransferFunctionScriptingTraits (0ms)
		AnalyzeDomain (112ms)
			TypeCache.Refresh (112ms)
				TypeCache.ScanAssembly (103ms)
			ScanForSourceGeneratedMonoScriptInfo (0ms)
			ResolveRequiredComponents (0ms)
	FinalizeReload (6147ms)
		ReleaseScriptCaches (0ms)
		RebuildScriptCaches (0ms)
		SetupLoadedEditorAssemblies (6104ms)
			LogAssemblyErrors (0ms)
			InitializePlatformSupportModulesInManaged (5993ms)
			SetLoadedEditorAssemblies (4ms)
			RefreshPlugins (0ms)
			BeforeProcessingInitializeOnLoad (2ms)
			ProcessInitializeOnLoadAttributes (71ms)
			ProcessInitializeOnLoadMethodAttributes (35ms)
			AfterProcessingInitializeOnLoad (0ms)
			EditorAssembliesLoaded (0ms)
		ExecutionOrderSort2 (0ms)
		AwakeInstancesAfterBackupRestoration (0ms)
========================================================================
Worker process is ready to serve import requests
Begin MonoManager ReloadAssembly
Symbol file LoadedFromMemory doesn't match image D:\OriginCode\Shader\Library\PackageCache\com.unity.visualscripting@1.8.0\Editor\VisualScripting.Core\Dependencies\YamlDotNet\Unity.VisualScripting.YamlDotNet.dll
Symbol file LoadedFromMemory doesn't match image D:\OriginCode\Shader\Library\PackageCache\com.unity.visualscripting@1.8.0\Editor\VisualScripting.Core\Dependencies\DotNetZip\Unity.VisualScripting.IonicZip.dll
- Loaded All Assemblies, in  0.566 seconds
Refreshing native plugins compatible for Editor in 1.62 ms, found 3 plugins.
Native extension for WindowsStandalone target not found
Native extension for iOS target not found
Native extension for Android target not found
Mono: successfully reloaded assembly
- Finished resetting the current domain, in  0.394 seconds
Domain Reload Profiling: 957ms
	BeginReloadAssembly (109ms)
		ExecutionOrderSort (0ms)
		DisableScriptedObjects (4ms)
		BackupInstance (0ms)
		ReleaseScriptingObjects (0ms)
		CreateAndSetChildDomain (16ms)
	RebuildCommonClasses (25ms)
	RebuildNativeTypeToScriptingClass (7ms)
	initialDomainReloadingComplete (36ms)
	LoadAllAssembliesAndSetupDomain (386ms)
		LoadAssemblies (234ms)
		RebuildTransferFunctionScriptingTraits (0ms)
		AnalyzeDomain (208ms)
			TypeCache.Refresh (195ms)
				TypeCache.ScanAssembly (185ms)
			ScanForSourceGeneratedMonoScriptInfo (10ms)
			ResolveRequiredComponents (3ms)
	FinalizeReload (395ms)
		ReleaseScriptCaches (0ms)
		RebuildScriptCaches (0ms)
		SetupLoadedEditorAssemblies (302ms)
			LogAssemblyErrors (0ms)
			InitializePlatformSupportModulesInManaged (34ms)
			SetLoadedEditorAssemblies (4ms)
			RefreshPlugins (0ms)
			BeforeProcessingInitializeOnLoad (70ms)
			ProcessInitializeOnLoadAttributes (168ms)
			ProcessInitializeOnLoadMethodAttributes (14ms)
			AfterProcessingInitializeOnLoad (11ms)
			EditorAssembliesLoaded (0ms)
		ExecutionOrderSort2 (0ms)
		AwakeInstancesAfterBackupRestoration (6ms)
Failed to load shader (instanceID 414, GUID 815a84b55b40cba4a843e8c94d12c85f)
Failed to load shader (instanceID 410, GUID 9c442dc870b456e48b615cd8add0e9ef)
Failed to load shader (instanceID 408, GUID 493b79ea9c9be44ed8b702014d3ac49c)
Launched and connected shader compiler UnityShaderCompiler.exe after 0.04 seconds
Refreshing native plugins compatible for Editor in 2.33 ms, found 3 plugins.
Preloading 0 native plugins for Editor in 0.00 ms.
Unloading 44 Unused Serialized files (Serialized files now loaded: 0)
Unloading 4 unused Assets / (69.0 KB). Loaded Objects now: 526.
Memory consumption went from 72.9 MB to 72.8 MB.
Total: 2.054400 ms (FindLiveObjects: 0.030000 ms CreateObjectMapping: 0.003800 ms MarkObjects: 1.921400 ms  DeleteObjects: 0.098200 ms)

AssetImportParameters requested are different than current active one (requested -> active):
  custom:container-demuxer-ogg: 62fdf1f143b41e24485cea50d1cbac27 -> 
  custom:video-decoder-ogg-theora: a1e56fd34408186e4bbccfd4996cb3dc -> 
  custom:framework-win-MediaFoundation: 216162199b28c13a410421893ffa2e32 -> 
  custom:container-demuxer-webm: 4f35f7cbe854078d1ac9338744f61a02 -> 
  custom:container-muxer-webm: aa71ff27fc2769a1b78a27578f13a17b -> 
  custom:video-decoder-webm-vp8: 9c59270c3fd7afecdb556c50c9e8de78 -> 
  custom:AudioImporter_EditorPlatform: d09bf68614088b80899f8185d706f6e7 -> 
  custom:video-encoder-webm-vp8: eb34c28f22e8b96e1ab97ce403110664 -> 
  custom:audio-decoder-ogg-vorbis: bf7c407c2cedff20999df2af8eb42d56 -> 
  custom:audio-encoder-webm-vorbis: bf7c407c2cedff20999df2af8eb42d56 -> 
========================================================================
Received Import Request.
  Time since last request: 78063.701732 seconds.
  path: Assets/Art/TestNormal/Brick_Normal.jpg
  artifactKey: Guid(13e3db91a2520f140a9d6c9831a0f4a5) Importer(815301076,1909f56bfc062723c751e8b465ee728b)
Start importing Assets/Art/TestNormal/Brick_Normal.jpg using Guid(13e3db91a2520f140a9d6c9831a0f4a5) Importer(815301076,1909f56bfc062723c751e8b465ee728b)  -> (artifact id: '616ace7d166d6c6810acd15b24a2ce86') in 0.046623 seconds
Number of updated asset objects reloaded before import = 0
Number of asset objects unloaded after import = 2
========================================================================
Received Import Request.
  Time since last request: 13.399287 seconds.
  path: Assets/Scripts/法线
  artifactKey: Guid(f7e68103fd3e5014589548e7545c4378) Importer(815301076,1909f56bfc062723c751e8b465ee728b)
Start importing Assets/Scripts/法线 using Guid(f7e68103fd3e5014589548e7545c4378) Importer(815301076,1909f56bfc062723c751e8b465ee728b)  -> (artifact id: '76401181eab13ec93c3d8bf152eb1cb8') in 0.000808 seconds
Number of updated asset objects reloaded before import = 0
Number of asset objects unloaded after import = 0
========================================================================
Received Import Request.
  Time since last request: 0.041095 seconds.
  path: Assets/Scripts/L25
  artifactKey: Guid(1d661db972f322a46b3b5f8cb8348575) Importer(815301076,1909f56bfc062723c751e8b465ee728b)
Start importing Assets/Scripts/L25 using Guid(1d661db972f322a46b3b5f8cb8348575) Importer(815301076,1909f56bfc062723c751e8b465ee728b)  -> (artifact id: '23d4f05d522975529e83683b45c544e1') in 0.000335 seconds
Number of updated asset objects reloaded before import = 0
Number of asset objects unloaded after import = 0
========================================================================
Received Import Request.
  Time since last request: 0.506434 seconds.
  path: Assets/Scripts/纹理
  artifactKey: Guid(ca16daa140fb05449a47720fd390e68c) Importer(815301076,1909f56bfc062723c751e8b465ee728b)
Start importing Assets/Scripts/纹理 using Guid(ca16daa140fb05449a47720fd390e68c) Importer(815301076,1909f56bfc062723c751e8b465ee728b)  -> (artifact id: '5ddbd5dab3e7b9c8823b00a9d04db510') in 0.000343 seconds
Number of updated asset objects reloaded before import = 0
Number of asset objects unloaded after import = 0
========================================================================
Received Import Request.
  Time since last request: 3.040280 seconds.
  path: Assets/Scripts/纹理/Lesson48.cs
  artifactKey: Guid(c08af96d4190cc24cbb762d3a3ef73f1) Importer(815301076,1909f56bfc062723c751e8b465ee728b)
Start importing Assets/Scripts/纹理/Lesson48.cs using Guid(c08af96d4190cc24cbb762d3a3ef73f1) Importer(815301076,1909f56bfc062723c751e8b465ee728b)  -> (artifact id: 'ad1749b1100f9af08a224a103fabcaeb') in 0.000355 seconds
Number of updated asset objects reloaded before import = 0
Number of asset objects unloaded after import = 0
========================================================================
Received Import Request.
  Time since last request: 0.334083 seconds.
  path: Assets/Art/TestGun/_textures/GunTwo/Yellow/GunTwo_SpecularSmoothness.png
  artifactKey: Guid(0b8ce592b1bd0494da54b661f841ae71) Importer(815301076,1909f56bfc062723c751e8b465ee728b)
Start importing Assets/Art/TestGun/_textures/GunTwo/Yellow/GunTwo_SpecularSmoothness.png using Guid(0b8ce592b1bd0494da54b661f841ae71) Importer(815301076,1909f56bfc062723c751e8b465ee728b)  -> (artifact id: 'e492a7d385a0b8378f50a090aafe3873') in 0.027567 seconds
Number of updated asset objects reloaded before import = 0
Number of asset objects unloaded after import = 2
========================================================================
Received Import Request.
  Time since last request: 0.568145 seconds.
  path: Assets/Scripts/纹理/Bulin_Texture.shader
  artifactKey: Guid(8a0efbbfcfe68ce498806cc8358305dc) Importer(815301076,1909f56bfc062723c751e8b465ee728b)
Start importing Assets/Scripts/纹理/Bulin_Texture.shader using Guid(8a0efbbfcfe68ce498806cc8358305dc) Importer(815301076,1909f56bfc062723c751e8b465ee728b)  -> (artifact id: '0be9856c3a3ce791823f645f01430eca') in 0.000624 seconds
Number of updated asset objects reloaded before import = 0
Number of asset objects unloaded after import = 0
========================================================================
Received Import Request.
  Time since last request: 4.126600 seconds.
  path: Assets/Scripts/纹理/Tex.shader
  artifactKey: Guid(6b71ab05ac3694a4cae5c201dea264d5) Importer(815301076,1909f56bfc062723c751e8b465ee728b)
Start importing Assets/Scripts/纹理/Tex.shader using Guid(6b71ab05ac3694a4cae5c201dea264d5) Importer(815301076,1909f56bfc062723c751e8b465ee728b)  -> (artifact id: 'b35488abb0cfdabc2d7eda67e0827df1') in 0.000517 seconds
Number of updated asset objects reloaded before import = 0
Number of asset objects unloaded after import = 0
========================================================================
Received Import Request.
  Time since last request: 46.817172 seconds.
  path: Assets/Scripts/法线/NormalMap_Shader.shader
  artifactKey: Guid(2d43b2c63b8ad894da67067a453b5c75) Importer(815301076,1909f56bfc062723c751e8b465ee728b)
Start importing Assets/Scripts/法线/NormalMap_Shader.shader using Guid(2d43b2c63b8ad894da67067a453b5c75) Importer(815301076,1909f56bfc062723c751e8b465ee728b)  -> (artifact id: '581234cdfdbf2bb86201c3f29a328db0') in 0.001292 seconds
Number of updated asset objects reloaded before import = 0
Number of asset objects unloaded after import = 1
========================================================================
Received Import Request.
  Time since last request: 566.875458 seconds.
  path: Assets/Scripts/法线/NormalMap_Shader.shader
  artifactKey: Guid(2d43b2c63b8ad894da67067a453b5c75) Importer(815301076,1909f56bfc062723c751e8b465ee728b)
Start importing Assets/Scripts/法线/NormalMap_Shader.shader using Guid(2d43b2c63b8ad894da67067a453b5c75) Importer(815301076,1909f56bfc062723c751e8b465ee728b)  -> (artifact id: '315076fd18e00647eb7652d5dbb2eb25') in 0.001475 seconds
Number of updated asset objects reloaded before import = 0
Number of asset objects unloaded after import = 1
========================================================================
Received Import Request.
  Time since last request: 21.202389 seconds.
  path: Assets/Scripts/法线/NormalMap_Shader.shader
  artifactKey: Guid(2d43b2c63b8ad894da67067a453b5c75) Importer(815301076,1909f56bfc062723c751e8b465ee728b)
Start importing Assets/Scripts/法线/NormalMap_Shader.shader using Guid(2d43b2c63b8ad894da67067a453b5c75) Importer(815301076,1909f56bfc062723c751e8b465ee728b)  -> (artifact id: 'd64b9d11b80cd421869906034b0259ca') in 0.001134 seconds
Number of updated asset objects reloaded before import = 0
Number of asset objects unloaded after import = 1
========================================================================
Received Import Request.
  Time since last request: 2.199969 seconds.
  path: Assets/Scripts/法线/NormalMap_Shader.shader
  artifactKey: Guid(2d43b2c63b8ad894da67067a453b5c75) Importer(815301076,1909f56bfc062723c751e8b465ee728b)
Start importing Assets/Scripts/法线/NormalMap_Shader.shader using Guid(2d43b2c63b8ad894da67067a453b5c75) Importer(815301076,1909f56bfc062723c751e8b465ee728b)  -> (artifact id: '5cb5724e5dfdb51f2131c5dcb95d3762') in 0.000935 seconds
Number of updated asset objects reloaded before import = 0
Number of asset objects unloaded after import = 1
========================================================================
Received Import Request.
  Time since last request: 354.740424 seconds.
  path: Assets/Scripts/法线/NormalMap_Shader.shader
  artifactKey: Guid(2d43b2c63b8ad894da67067a453b5c75) Importer(815301076,1909f56bfc062723c751e8b465ee728b)
Start importing Assets/Scripts/法线/NormalMap_Shader.shader using Guid(2d43b2c63b8ad894da67067a453b5c75) Importer(815301076,1909f56bfc062723c751e8b465ee728b)  -> (artifact id: 'cb131db3d78ecc58855e07b638f808cb') in 0.001571 seconds
Number of updated asset objects reloaded before import = 0
Number of asset objects unloaded after import = 1
========================================================================
Received Import Request.
  Time since last request: 10.109508 seconds.
  path: Assets/Scripts/法线/NormalMap_Shader.shader
  artifactKey: Guid(2d43b2c63b8ad894da67067a453b5c75) Importer(815301076,1909f56bfc062723c751e8b465ee728b)
Start importing Assets/Scripts/法线/NormalMap_Shader.shader using Guid(2d43b2c63b8ad894da67067a453b5c75) Importer(815301076,1909f56bfc062723c751e8b465ee728b)  -> (artifact id: '8ba844933f8abfaa9ad3f473e2e68746') in 0.000954 seconds
Number of updated asset objects reloaded before import = 0
Number of asset objects unloaded after import = 1
========================================================================
Received Import Request.
  Time since last request: 9.367933 seconds.
  path: Assets/Scripts/法线/NormalMap_Shader.shader
  artifactKey: Guid(2d43b2c63b8ad894da67067a453b5c75) Importer(815301076,1909f56bfc062723c751e8b465ee728b)
Start importing Assets/Scripts/法线/NormalMap_Shader.shader using Guid(2d43b2c63b8ad894da67067a453b5c75) Importer(815301076,1909f56bfc062723c751e8b465ee728b)  -> (artifact id: 'e28aab6b0d91035ff5d2dbbe88918329') in 0.000950 seconds
Number of updated asset objects reloaded before import = 0
Number of asset objects unloaded after import = 1
========================================================================
Received Import Request.
  Time since last request: 14.333336 seconds.
  path: Assets/Scripts/法线/NormalMap_Shader.shader
  artifactKey: Guid(2d43b2c63b8ad894da67067a453b5c75) Importer(815301076,1909f56bfc062723c751e8b465ee728b)
Start importing Assets/Scripts/法线/NormalMap_Shader.shader using Guid(2d43b2c63b8ad894da67067a453b5c75) Importer(815301076,1909f56bfc062723c751e8b465ee728b)  -> (artifact id: '363cf89e616adf82276eae01c382b5df') in 0.000935 seconds
Number of updated asset objects reloaded before import = 0
Number of asset objects unloaded after import = 1
========================================================================
Received Import Request.
  Time since last request: 9.483250 seconds.
  path: Assets/Scripts/法线/NormalMap_Shader.shader
  artifactKey: Guid(2d43b2c63b8ad894da67067a453b5c75) Importer(815301076,1909f56bfc062723c751e8b465ee728b)
Start importing Assets/Scripts/法线/NormalMap_Shader.shader using Guid(2d43b2c63b8ad894da67067a453b5c75) Importer(815301076,1909f56bfc062723c751e8b465ee728b)  -> (artifact id: '7d0daf680406cee3bff541231cc50a28') in 0.001121 seconds
Number of updated asset objects reloaded before import = 0
Number of asset objects unloaded after import = 1
========================================================================
Received Import Request.
  Time since last request: 9.824517 seconds.
  path: Assets/Scripts/法线/NormalMap_Shader.shader
  artifactKey: Guid(2d43b2c63b8ad894da67067a453b5c75) Importer(815301076,1909f56bfc062723c751e8b465ee728b)
Start importing Assets/Scripts/法线/NormalMap_Shader.shader using Guid(2d43b2c63b8ad894da67067a453b5c75) Importer(815301076,1909f56bfc062723c751e8b465ee728b)  -> (artifact id: '7c5518277918783dc32c41666cd229f2') in 0.000969 seconds
Number of updated asset objects reloaded before import = 0
Number of asset objects unloaded after import = 1
========================================================================
Received Import Request.
  Time since last request: 22.253309 seconds.
  path: Assets/Scripts/法线/NormalMap_Shader.shader
  artifactKey: Guid(2d43b2c63b8ad894da67067a453b5c75) Importer(815301076,1909f56bfc062723c751e8b465ee728b)
Start importing Assets/Scripts/法线/NormalMap_Shader.shader using Guid(2d43b2c63b8ad894da67067a453b5c75) Importer(815301076,1909f56bfc062723c751e8b465ee728b)  -> (artifact id: '55198d49a1dd2113e872789e96ac7219') in 0.000997 seconds
Number of updated asset objects reloaded before import = 0
Number of asset objects unloaded after import = 1
========================================================================
Received Import Request.
  Time since last request: 9.392245 seconds.
  path: Assets/Scripts/法线/NormalMap_Shader.shader
  artifactKey: Guid(2d43b2c63b8ad894da67067a453b5c75) Importer(815301076,1909f56bfc062723c751e8b465ee728b)
Start importing Assets/Scripts/法线/NormalMap_Shader.shader using Guid(2d43b2c63b8ad894da67067a453b5c75) Importer(815301076,1909f56bfc062723c751e8b465ee728b)  -> (artifact id: '3343989153d70d804ef555486f346bbb') in 0.000985 seconds
Number of updated asset objects reloaded before import = 0
Number of asset objects unloaded after import = 1
========================================================================
Received Import Request.
  Time since last request: 5.211571 seconds.
  path: Assets/Scripts/法线/NormalMap_Shader.shader
  artifactKey: Guid(2d43b2c63b8ad894da67067a453b5c75) Importer(815301076,1909f56bfc062723c751e8b465ee728b)
Start importing Assets/Scripts/法线/NormalMap_Shader.shader using Guid(2d43b2c63b8ad894da67067a453b5c75) Importer(815301076,1909f56bfc062723c751e8b465ee728b)  -> (artifact id: '57f8cda5612615abb96cc4f908d7ab9c') in 0.000934 seconds
Number of updated asset objects reloaded before import = 0
Number of asset objects unloaded after import = 1
========================================================================
Received Import Request.
  Time since last request: 61.820509 seconds.
  path: Assets/Scripts/法线/NormalMap_Shader.shader
  artifactKey: Guid(2d43b2c63b8ad894da67067a453b5c75) Importer(815301076,1909f56bfc062723c751e8b465ee728b)
Start importing Assets/Scripts/法线/NormalMap_Shader.shader using Guid(2d43b2c63b8ad894da67067a453b5c75) Importer(815301076,1909f56bfc062723c751e8b465ee728b)  -> (artifact id: 'd35e252e7819db5b54339521ea5fdb95') in 0.001032 seconds
Number of updated asset objects reloaded before import = 0
Number of asset objects unloaded after import = 1
========================================================================
Received Import Request.
  Time since last request: 11.947574 seconds.
  path: Assets/Scripts/法线/NormalMap_Shader.shader
  artifactKey: Guid(2d43b2c63b8ad894da67067a453b5c75) Importer(815301076,1909f56bfc062723c751e8b465ee728b)
Start importing Assets/Scripts/法线/NormalMap_Shader.shader using Guid(2d43b2c63b8ad894da67067a453b5c75) Importer(815301076,1909f56bfc062723c751e8b465ee728b)  -> (artifact id: 'f11ed752558bd8e00bc814ec4a54b71a') in 0.000993 seconds
Number of updated asset objects reloaded before import = 0
Number of asset objects unloaded after import = 1
========================================================================
Received Import Request.
  Time since last request: 25.534343 seconds.
  path: Assets/Scripts/法线/NormalMap_Shader.shader
  artifactKey: Guid(2d43b2c63b8ad894da67067a453b5c75) Importer(815301076,1909f56bfc062723c751e8b465ee728b)
Start importing Assets/Scripts/法线/NormalMap_Shader.shader using Guid(2d43b2c63b8ad894da67067a453b5c75) Importer(815301076,1909f56bfc062723c751e8b465ee728b)  -> (artifact id: '59c513a6b850f72f57404a8f5763839f') in 0.000975 seconds
Number of updated asset objects reloaded before import = 0
Number of asset objects unloaded after import = 1
========================================================================
Received Import Request.
  Time since last request: 5.996456 seconds.
  path: Assets/Scripts/法线/NormalMap_Shader.shader
  artifactKey: Guid(2d43b2c63b8ad894da67067a453b5c75) Importer(815301076,1909f56bfc062723c751e8b465ee728b)
Start importing Assets/Scripts/法线/NormalMap_Shader.shader using Guid(2d43b2c63b8ad894da67067a453b5c75) Importer(815301076,1909f56bfc062723c751e8b465ee728b)  -> (artifact id: '15835b7992d1345673bd17b360068230') in 0.000936 seconds
Number of updated asset objects reloaded before import = 0
Number of asset objects unloaded after import = 1
========================================================================
Received Import Request.
  Time since last request: 9.291301 seconds.
  path: Assets/Scripts/法线/NormalMap_Shader.shader
  artifactKey: Guid(2d43b2c63b8ad894da67067a453b5c75) Importer(815301076,1909f56bfc062723c751e8b465ee728b)
Start importing Assets/Scripts/法线/NormalMap_Shader.shader using Guid(2d43b2c63b8ad894da67067a453b5c75) Importer(815301076,1909f56bfc062723c751e8b465ee728b)  -> (artifact id: '5bc2e75b69281e5efa6bf5b243a8368d') in 0.000972 seconds
Number of updated asset objects reloaded before import = 0
Number of asset objects unloaded after import = 1
========================================================================
Received Import Request.
  Time since last request: 4.709002 seconds.
  path: Assets/Scripts/法线/NormalMap_Shader.shader
  artifactKey: Guid(2d43b2c63b8ad894da67067a453b5c75) Importer(815301076,1909f56bfc062723c751e8b465ee728b)
Start importing Assets/Scripts/法线/NormalMap_Shader.shader using Guid(2d43b2c63b8ad894da67067a453b5c75) Importer(815301076,1909f56bfc062723c751e8b465ee728b)  -> (artifact id: 'fdefe7cda5ff0fcd817b8c82fef2d09e') in 0.001008 seconds
Number of updated asset objects reloaded before import = 0
Number of asset objects unloaded after import = 1
========================================================================
Received Import Request.
  Time since last request: 2.960328 seconds.
  path: Assets/Scripts/法线/NormalMap_Shader.shader
  artifactKey: Guid(2d43b2c63b8ad894da67067a453b5c75) Importer(815301076,1909f56bfc062723c751e8b465ee728b)
Start importing Assets/Scripts/法线/NormalMap_Shader.shader using Guid(2d43b2c63b8ad894da67067a453b5c75) Importer(815301076,1909f56bfc062723c751e8b465ee728b)  -> (artifact id: 'd143d86ada1a4160c4f4b384505208b5') in 0.001058 seconds
Number of updated asset objects reloaded before import = 0
Number of asset objects unloaded after import = 1
========================================================================
Received Import Request.
  Time since last request: 54.370592 seconds.
  path: Assets/Scripts/法线/NormalMap_Shader.shader
  artifactKey: Guid(2d43b2c63b8ad894da67067a453b5c75) Importer(815301076,1909f56bfc062723c751e8b465ee728b)
Start importing Assets/Scripts/法线/NormalMap_Shader.shader using Guid(2d43b2c63b8ad894da67067a453b5c75) Importer(815301076,1909f56bfc062723c751e8b465ee728b)  -> (artifact id: 'b5e1282441c2e03e5484401f5d9afd03') in 0.001044 seconds
Number of updated asset objects reloaded before import = 0
Number of asset objects unloaded after import = 1
========================================================================
Received Import Request.
  Time since last request: 1216.856857 seconds.
  path: Assets/Scripts/法线/NormalMap_Shader.shader
  artifactKey: Guid(2d43b2c63b8ad894da67067a453b5c75) Importer(815301076,1909f56bfc062723c751e8b465ee728b)
Start importing Assets/Scripts/法线/NormalMap_Shader.shader using Guid(2d43b2c63b8ad894da67067a453b5c75) Importer(815301076,1909f56bfc062723c751e8b465ee728b)  -> (artifact id: 'e47181ec9f9971654a8f7280f748cf12') in 0.001443 seconds
Number of updated asset objects reloaded before import = 0
Number of asset objects unloaded after import = 1
========================================================================
Received Import Request.
  Time since last request: 10.621113 seconds.
  path: Assets/Scripts/法线/NormalMap_Shader.shader
  artifactKey: Guid(2d43b2c63b8ad894da67067a453b5c75) Importer(815301076,1909f56bfc062723c751e8b465ee728b)
Start importing Assets/Scripts/法线/NormalMap_Shader.shader using Guid(2d43b2c63b8ad894da67067a453b5c75) Importer(815301076,1909f56bfc062723c751e8b465ee728b)  -> (artifact id: 'd45d902f57e8a47ef757101ccd461ca2') in 0.000967 seconds
Number of updated asset objects reloaded before import = 0
Number of asset objects unloaded after import = 1
========================================================================
Received Import Request.
  Time since last request: 741.588612 seconds.
  path: Assets/Scripts/法线/NormalMap_Shader.shader
  artifactKey: Guid(2d43b2c63b8ad894da67067a453b5c75) Importer(815301076,1909f56bfc062723c751e8b465ee728b)
Start importing Assets/Scripts/法线/NormalMap_Shader.shader using Guid(2d43b2c63b8ad894da67067a453b5c75) Importer(815301076,1909f56bfc062723c751e8b465ee728b)  -> (artifact id: 'e84f0734e0fa6406cc1e54cd93aa4f74') in 0.001448 seconds
Number of updated asset objects reloaded before import = 0
Number of asset objects unloaded after import = 1
========================================================================
Received Import Request.
  Time since last request: 30.650602 seconds.
  path: Assets/Scripts/法线/NormalMap_Shader.shader
  artifactKey: Guid(2d43b2c63b8ad894da67067a453b5c75) Importer(815301076,1909f56bfc062723c751e8b465ee728b)
Start importing Assets/Scripts/法线/NormalMap_Shader.shader using Guid(2d43b2c63b8ad894da67067a453b5c75) Importer(815301076,1909f56bfc062723c751e8b465ee728b)  -> (artifact id: '049b980c6e5f9f2e5d5d924fbae4124b') in 0.001118 seconds
Number of updated asset objects reloaded before import = 0
Number of asset objects unloaded after import = 1
========================================================================
Received Import Request.
  Time since last request: 43.006143 seconds.
  path: Assets/Scripts/法线/NormalMap_Shader.shader
  artifactKey: Guid(2d43b2c63b8ad894da67067a453b5c75) Importer(815301076,1909f56bfc062723c751e8b465ee728b)
Start importing Assets/Scripts/法线/NormalMap_Shader.shader using Guid(2d43b2c63b8ad894da67067a453b5c75) Importer(815301076,1909f56bfc062723c751e8b465ee728b)  -> (artifact id: 'e3cf2783610d0da46905bbcaa01aa258') in 0.001061 seconds
Number of updated asset objects reloaded before import = 0
Number of asset objects unloaded after import = 1
========================================================================
Received Import Request.
  Time since last request: 31.351994 seconds.
  path: Assets/Scripts/法线/NormalMap_Shader.shader
  artifactKey: Guid(2d43b2c63b8ad894da67067a453b5c75) Importer(815301076,1909f56bfc062723c751e8b465ee728b)
Start importing Assets/Scripts/法线/NormalMap_Shader.shader using Guid(2d43b2c63b8ad894da67067a453b5c75) Importer(815301076,1909f56bfc062723c751e8b465ee728b)  -> (artifact id: 'e3f4510090951650f1bdf3d39a14bdbb') in 0.001192 seconds
Number of updated asset objects reloaded before import = 0
Number of asset objects unloaded after import = 1
========================================================================
Received Import Request.
  Time since last request: 20.747971 seconds.
  path: Assets/Scripts/法线/NormalMap_Shader.shader
  artifactKey: Guid(2d43b2c63b8ad894da67067a453b5c75) Importer(815301076,1909f56bfc062723c751e8b465ee728b)
Start importing Assets/Scripts/法线/NormalMap_Shader.shader using Guid(2d43b2c63b8ad894da67067a453b5c75) Importer(815301076,1909f56bfc062723c751e8b465ee728b)  -> (artifact id: '3a24cc136d036b6cdc57fbab04e863d5') in 0.001350 seconds
Number of updated asset objects reloaded before import = 0
Number of asset objects unloaded after import = 1
========================================================================
Received Import Request.
  Time since last request: 21.189335 seconds.
  path: Assets/Scripts/法线/NormalMap_Shader.shader
  artifactKey: Guid(2d43b2c63b8ad894da67067a453b5c75) Importer(815301076,1909f56bfc062723c751e8b465ee728b)
Start importing Assets/Scripts/法线/NormalMap_Shader.shader using Guid(2d43b2c63b8ad894da67067a453b5c75) Importer(815301076,1909f56bfc062723c751e8b465ee728b)  -> (artifact id: 'dc82ffeb359cef3dabb1898a06efd3f3') in 0.001014 seconds
Number of updated asset objects reloaded before import = 0
Number of asset objects unloaded after import = 1
========================================================================
Received Import Request.
  Time since last request: 9.675436 seconds.
  path: Assets/Scripts/法线/NormalMap_Shader.shader
  artifactKey: Guid(2d43b2c63b8ad894da67067a453b5c75) Importer(815301076,1909f56bfc062723c751e8b465ee728b)
Start importing Assets/Scripts/法线/NormalMap_Shader.shader using Guid(2d43b2c63b8ad894da67067a453b5c75) Importer(815301076,1909f56bfc062723c751e8b465ee728b)  -> (artifact id: '1bca5cd5c41bfeb83e4a9459e015dcfc') in 0.000941 seconds
Number of updated asset objects reloaded before import = 0
Number of asset objects unloaded after import = 1
========================================================================
Received Import Request.
  Time since last request: 5.815960 seconds.
  path: Assets/Scripts/法线/NormalMap_Shader.shader
  artifactKey: Guid(2d43b2c63b8ad894da67067a453b5c75) Importer(815301076,1909f56bfc062723c751e8b465ee728b)
Start importing Assets/Scripts/法线/NormalMap_Shader.shader using Guid(2d43b2c63b8ad894da67067a453b5c75) Importer(815301076,1909f56bfc062723c751e8b465ee728b)  -> (artifact id: '44552dc7d59fd63aad2a230a775abc18') in 0.000964 seconds
Number of updated asset objects reloaded before import = 0
Number of asset objects unloaded after import = 1
========================================================================
Received Import Request.
  Time since last request: 14.981097 seconds.
  path: Assets/Scripts/法线/NormalMap_Shader.shader
  artifactKey: Guid(2d43b2c63b8ad894da67067a453b5c75) Importer(815301076,1909f56bfc062723c751e8b465ee728b)
Start importing Assets/Scripts/法线/NormalMap_Shader.shader using Guid(2d43b2c63b8ad894da67067a453b5c75) Importer(815301076,1909f56bfc062723c751e8b465ee728b)  -> (artifact id: '29d2c7416dcd6296ae199e1f05c8c5aa') in 0.000975 seconds
Number of updated asset objects reloaded before import = 0
Number of asset objects unloaded after import = 1
========================================================================
Received Import Request.
  Time since last request: 60.353964 seconds.
  path: Assets/Scripts/法线/NormalMap_Shader.shader
  artifactKey: Guid(2d43b2c63b8ad894da67067a453b5c75) Importer(815301076,1909f56bfc062723c751e8b465ee728b)
Start importing Assets/Scripts/法线/NormalMap_Shader.shader using Guid(2d43b2c63b8ad894da67067a453b5c75) Importer(815301076,1909f56bfc062723c751e8b465ee728b)  -> (artifact id: '34fdf75e7e305e391c926abab232d5df') in 0.001042 seconds
Number of updated asset objects reloaded before import = 0
Number of asset objects unloaded after import = 1
========================================================================
Received Import Request.
  Time since last request: 27.906022 seconds.
  path: Assets/Scripts/法线/NormalMap_Shader.shader
  artifactKey: Guid(2d43b2c63b8ad894da67067a453b5c75) Importer(815301076,1909f56bfc062723c751e8b465ee728b)
Start importing Assets/Scripts/法线/NormalMap_Shader.shader using Guid(2d43b2c63b8ad894da67067a453b5c75) Importer(815301076,1909f56bfc062723c751e8b465ee728b)  -> (artifact id: '2d30ac85a8d978a4c3b848be63bf4604') in 0.001014 seconds
Number of updated asset objects reloaded before import = 0
Number of asset objects unloaded after import = 1
========================================================================
Received Import Request.
  Time since last request: 19.965461 seconds.
  path: Assets/Scripts/法线/NormalMap_Shader.shader
  artifactKey: Guid(2d43b2c63b8ad894da67067a453b5c75) Importer(815301076,1909f56bfc062723c751e8b465ee728b)
Start importing Assets/Scripts/法线/NormalMap_Shader.shader using Guid(2d43b2c63b8ad894da67067a453b5c75) Importer(815301076,1909f56bfc062723c751e8b465ee728b)  -> (artifact id: '0eb5569ba2ac3859cba38572032a787e') in 0.001002 seconds
Number of updated asset objects reloaded before import = 0
Number of asset objects unloaded after import = 1
========================================================================
Received Import Request.
  Time since last request: 16.159997 seconds.
  path: Assets/Scripts/法线/NormalMap_Shader.shader
  artifactKey: Guid(2d43b2c63b8ad894da67067a453b5c75) Importer(815301076,1909f56bfc062723c751e8b465ee728b)
Start importing Assets/Scripts/法线/NormalMap_Shader.shader using Guid(2d43b2c63b8ad894da67067a453b5c75) Importer(815301076,1909f56bfc062723c751e8b465ee728b)  -> (artifact id: '2ad6316d4d7eddc91f534c0d8d8ba35e') in 0.001003 seconds
Number of updated asset objects reloaded before import = 0
Number of asset objects unloaded after import = 1
========================================================================
Received Import Request.
  Time since last request: 26.634646 seconds.
  path: Assets/Scripts/法线/NormalMap_Shader.shader
  artifactKey: Guid(2d43b2c63b8ad894da67067a453b5c75) Importer(815301076,1909f56bfc062723c751e8b465ee728b)
Start importing Assets/Scripts/法线/NormalMap_Shader.shader using Guid(2d43b2c63b8ad894da67067a453b5c75) Importer(815301076,1909f56bfc062723c751e8b465ee728b)  -> (artifact id: '916c4e6fb94d603063329b728b7093eb') in 0.000940 seconds
Number of updated asset objects reloaded before import = 0
Number of asset objects unloaded after import = 1
========================================================================
Received Import Request.
  Time since last request: 47.586988 seconds.
  path: Assets/Scripts/法线/NormalMap_Shader.shader
  artifactKey: Guid(2d43b2c63b8ad894da67067a453b5c75) Importer(815301076,1909f56bfc062723c751e8b465ee728b)
Start importing Assets/Scripts/法线/NormalMap_Shader.shader using Guid(2d43b2c63b8ad894da67067a453b5c75) Importer(815301076,1909f56bfc062723c751e8b465ee728b)  -> (artifact id: '2c8f5650ed803343e63e00e66a4ae05d') in 0.001171 seconds
Number of updated asset objects reloaded before import = 0
Number of asset objects unloaded after import = 1
========================================================================
Received Import Request.
  Time since last request: 1.347610 seconds.
  path: Assets/Scripts/法线/NormalMap_Shader.shader
  artifactKey: Guid(2d43b2c63b8ad894da67067a453b5c75) Importer(815301076,1909f56bfc062723c751e8b465ee728b)
Start importing Assets/Scripts/法线/NormalMap_Shader.shader using Guid(2d43b2c63b8ad894da67067a453b5c75) Importer(815301076,1909f56bfc062723c751e8b465ee728b)  -> (artifact id: 'f239af1a31168feb0991060e8f081f9d') in 0.000945 seconds
Number of updated asset objects reloaded before import = 0
Number of asset objects unloaded after import = 1
========================================================================
Received Import Request.
  Time since last request: 25.428669 seconds.
  path: Assets/Scripts/法线/NormalMap_Shader.shader
  artifactKey: Guid(2d43b2c63b8ad894da67067a453b5c75) Importer(815301076,1909f56bfc062723c751e8b465ee728b)
Start importing Assets/Scripts/法线/NormalMap_Shader.shader using Guid(2d43b2c63b8ad894da67067a453b5c75) Importer(815301076,1909f56bfc062723c751e8b465ee728b)  -> (artifact id: '3b6d01705f012a5311a9e19046076a32') in 0.000957 seconds
Number of updated asset objects reloaded before import = 0
Number of asset objects unloaded after import = 1
========================================================================
Received Import Request.
  Time since last request: 19.533086 seconds.
  path: Assets/Scripts/法线/NormalMap_Shader.shader
  artifactKey: Guid(2d43b2c63b8ad894da67067a453b5c75) Importer(815301076,1909f56bfc062723c751e8b465ee728b)
Start importing Assets/Scripts/法线/NormalMap_Shader.shader using Guid(2d43b2c63b8ad894da67067a453b5c75) Importer(815301076,1909f56bfc062723c751e8b465ee728b)  -> (artifact id: 'b181f4412e1ac2089f4e12f94e1a1b9e') in 0.001157 seconds
Number of updated asset objects reloaded before import = 0
Number of asset objects unloaded after import = 1
========================================================================
Received Import Request.
  Time since last request: 15.987224 seconds.
  path: Assets/Scripts/法线/NormalMap_Shader.shader
  artifactKey: Guid(2d43b2c63b8ad894da67067a453b5c75) Importer(815301076,1909f56bfc062723c751e8b465ee728b)
Start importing Assets/Scripts/法线/NormalMap_Shader.shader using Guid(2d43b2c63b8ad894da67067a453b5c75) Importer(815301076,1909f56bfc062723c751e8b465ee728b)  -> (artifact id: '8bbae1bc75c539d8063df50284fdde95') in 0.000963 seconds
Number of updated asset objects reloaded before import = 0
Number of asset objects unloaded after import = 1
========================================================================
Received Import Request.
  Time since last request: 23.396493 seconds.
  path: Assets/Scripts/法线/NormalMap_Shader.shader
  artifactKey: Guid(2d43b2c63b8ad894da67067a453b5c75) Importer(815301076,1909f56bfc062723c751e8b465ee728b)
Start importing Assets/Scripts/法线/NormalMap_Shader.shader using Guid(2d43b2c63b8ad894da67067a453b5c75) Importer(815301076,1909f56bfc062723c751e8b465ee728b)  -> (artifact id: 'baf5917a117a5ba5261263ee35c2a3ae') in 0.001022 seconds
Number of updated asset objects reloaded before import = 0
Number of asset objects unloaded after import = 1
========================================================================
Received Import Request.
  Time since last request: 21.193382 seconds.
  path: Assets/Scripts/法线/NormalMap_Shader.shader
  artifactKey: Guid(2d43b2c63b8ad894da67067a453b5c75) Importer(815301076,1909f56bfc062723c751e8b465ee728b)
Start importing Assets/Scripts/法线/NormalMap_Shader.shader using Guid(2d43b2c63b8ad894da67067a453b5c75) Importer(815301076,1909f56bfc062723c751e8b465ee728b)  -> (artifact id: 'e14ad63bb4a218e3789446156349c6fb') in 0.000987 seconds
Number of updated asset objects reloaded before import = 0
Number of asset objects unloaded after import = 1
========================================================================
Received Import Request.
  Time since last request: 55.467125 seconds.
  path: Assets/Scripts/法线/NormalMap_Shader.shader
  artifactKey: Guid(2d43b2c63b8ad894da67067a453b5c75) Importer(815301076,1909f56bfc062723c751e8b465ee728b)
Start importing Assets/Scripts/法线/NormalMap_Shader.shader using Guid(2d43b2c63b8ad894da67067a453b5c75) Importer(815301076,1909f56bfc062723c751e8b465ee728b)  -> (artifact id: '29cb1d4f934448f3c2a680b79ba84785') in 0.001073 seconds
Number of updated asset objects reloaded before import = 0
Number of asset objects unloaded after import = 1
========================================================================
Received Import Request.
  Time since last request: 11.954991 seconds.
  path: Assets/Scripts/法线/NormalMap_Shader.shader
  artifactKey: Guid(2d43b2c63b8ad894da67067a453b5c75) Importer(815301076,1909f56bfc062723c751e8b465ee728b)
Start importing Assets/Scripts/法线/NormalMap_Shader.shader using Guid(2d43b2c63b8ad894da67067a453b5c75) Importer(815301076,1909f56bfc062723c751e8b465ee728b)  -> (artifact id: '0159ecee3c3ed1e7a20f12926875a851') in 0.000975 seconds
Number of updated asset objects reloaded before import = 0
Number of asset objects unloaded after import = 1
========================================================================
Received Import Request.
  Time since last request: 9.320178 seconds.
  path: Assets/Scripts/法线/NormalMap_Shader.shader
  artifactKey: Guid(2d43b2c63b8ad894da67067a453b5c75) Importer(815301076,1909f56bfc062723c751e8b465ee728b)
Start importing Assets/Scripts/法线/NormalMap_Shader.shader using Guid(2d43b2c63b8ad894da67067a453b5c75) Importer(815301076,1909f56bfc062723c751e8b465ee728b)  -> (artifact id: '9801d125faea8edb4527f387eafeefd9') in 0.001006 seconds
Number of updated asset objects reloaded before import = 0
Number of asset objects unloaded after import = 1
